0 info it worked if it ends with ok
1 verbose cli [ '/usr/local/bin/node', '/usr/local/bin/npm', 'publish' ]
2 info using npm@3.5.3
3 info using node@v4.2.4
4 verbose publish [ '.' ]
5 silly cache add args [ '.', null ]
6 verbose cache add spec .
7 silly cache add parsed spec Result {
7 silly cache add   raw: '.',
7 silly cache add   scope: null,
7 silly cache add   name: null,
7 silly cache add   rawSpec: '.',
7 silly cache add   spec: '/Users/feizheng/github/generator-ionic-wechat-app',
7 silly cache add   type: 'directory' }
8 verbose addLocalDirectory /Users/feizheng/.npm/generator-ionic-wechat-app/0.0.22/package.tgz not in flight; packing
9 info lifecycle generator-ionic-wechat-app@0.0.22~prepublish: generator-ionic-wechat-app@0.0.22
10 verbose lifecycle generator-ionic-wechat-app@0.0.22~prepublish: unsafe-perm in lifecycle true
11 verbose lifecycle generator-ionic-wechat-app@0.0.22~prepublish: PATH: /usr/local/lib/node_modules/npm/bin/node-gyp-bin:/Users/feizheng/github/generator-ionic-wechat-app/node_modules/.bin:/Users/feizheng/.rvm/gems/ruby-2.0.0-p643/bin:/Users/feizheng/.rvm/gems/ruby-2.0.0-p643@global/bin:/Users/feizheng/.rvm/rubies/ruby-2.0.0-p643/bin:/usr/local/bin:/usr/local/sbin:/usr/local/bin:/usr/bin:/bin:/usr/sbin:/sbin:/Users/feizheng/.rvm/bin:/Users/feizheng/.vimpkg/bin:/Users/feizheng/.vimpkg/bin
12 verbose lifecycle generator-ionic-wechat-app@0.0.22~prepublish: CWD: /Users/feizheng/github/generator-ionic-wechat-app
13 silly lifecycle generator-ionic-wechat-app@0.0.22~prepublish: Args: [ '-c', 'gulp prepublish' ]
14 silly lifecycle generator-ionic-wechat-app@0.0.22~prepublish: Returned: code: 0  signal: null
15 verbose tar pack [ '/Users/feizheng/.npm/generator-ionic-wechat-app/0.0.22/package.tgz',
15 verbose tar pack   '/Users/feizheng/github/generator-ionic-wechat-app' ]
16 verbose tarball /Users/feizheng/.npm/generator-ionic-wechat-app/0.0.22/package.tgz
17 verbose folder /Users/feizheng/github/generator-ionic-wechat-app
18 verbose addLocalTarball adding from inside cache /Users/feizheng/.npm/generator-ionic-wechat-app/0.0.22/package.tgz
19 silly cache afterAdd generator-ionic-wechat-app@0.0.22
20 verbose afterAdd /Users/feizheng/.npm/generator-ionic-wechat-app/0.0.22/package/package.json not in flight; writing
21 verbose afterAdd /Users/feizheng/.npm/generator-ionic-wechat-app/0.0.22/package/package.json written
22 silly publish { name: 'generator-ionic-wechat-app',
22 silly publish   version: '0.0.22',
22 silly publish   description: 'Yeoman generator for ionic-wechat-app.',
22 silly publish   homepage: 'https://github.com/afeiship/generator-ionic-wechat-app',
22 silly publish   author:
22 silly publish    { name: 'feizheng',
22 silly publish      email: '1290657123@qq.com',
22 silly publish      url: 'https://github.com/afeiship' },
22 silly publish   files: [ 'generators' ],
22 silly publish   main: 'generators/index.js',
22 silly publish   keywords: [ 'yeoman generator ionic wechat ', 'yeoman-generator' ],
22 silly publish   dependencies:
22 silly publish    { chalk: '^1.0.0',
22 silly publish      underscore: '^1.8.3',
22 silly publish      'yeoman-generator': '^0.23.0',
22 silly publish      yosay: '^1.0.0' },
22 silly publish   devDependencies:
22 silly publish    { ejs: '^2.4.2',
22 silly publish      eslint: '^2.1.0',
22 silly publish      'eslint-config-xo-space': '^0.13.0',
22 silly publish      gulp: '^3.9.0',
22 silly publish      'gulp-eslint': '^2.0.0',
22 silly publish      'gulp-exclude-gitignore': '^1.0.0',
22 silly publish      'gulp-istanbul': '^0.10.3',
22 silly publish      'gulp-line-ending-corrector': '^1.0.1',
22 silly publish      'gulp-mocha': '^2.0.0',
22 silly publish      'gulp-nsp': '^2.1.0',
22 silly publish      'gulp-plumber': '^1.0.0',
22 silly publish      underscore: '^1.8.3',
22 silly publish      'yeoman-assert': '^2.0.0',
22 silly publish      'yeoman-test': '^1.0.0' },
22 silly publish   eslintConfig: { extends: 'xo-space', env: { mocha: true } },
22 silly publish   repository:
22 silly publish    { type: 'git',
22 silly publish      url: 'git+ssh://git@github.com/afeiship/generator-ionic-wechat-app.git' },
22 silly publish   scripts: { prepublish: 'gulp prepublish', test: 'gulp' },
22 silly publish   license: 'MIT',
22 silly publish   readme: '# generator-ionic-wechat-app [![NPM version][npm-image]][npm-url] [![Build Status][travis-image]][travis-url] [![Dependency Status][daviddm-image]][daviddm-url]\n> Yeoman generator for ionic-wechat-app.\n\n## Installation\n\nFirst, install [Yeoman](http://yeoman.io) and generator-ionic-wechat-app using [npm](https://www.npmjs.com/) (we assume you have pre-installed [node.js](https://nodejs.org/)).\n\n```bash\nnpm install -g yo\nnpm install -g generator-ionic-wechat-app\n```\n\nThen generate your new project:\n\n```bash\nyo ionic-wechat-app\n```\n\n## Getting To Know Yeoman\n\n * Yeoman has a heart of gold.\n * Yeoman is a person with feelings and opinions, but is very easy to work with.\n * Yeoman can be too opinionated at times but is easily convinced not to be.\n * Feel free to [learn more about Yeoman](http://yeoman.io/).\n\n## License\n\nMIT © [feizheng](https://github.com/afeiship)\n\n\n[npm-image]: https://badge.fury.io/js/generator-ionic-wechat-app.svg\n[npm-url]: https://npmjs.org/package/generator-ionic-wechat-app\n[travis-image]: https://travis-ci.org/afeiship/generator-ionic-wechat-app.svg?branch=master\n[travis-url]: https://travis-ci.org/afeiship/generator-ionic-wechat-app\n[daviddm-image]: https://david-dm.org/afeiship/generator-ionic-wechat-app.svg?theme=shields.io\n[daviddm-url]: https://david-dm.org/afeiship/generator-ionic-wechat-app\n',
22 silly publish   readmeFilename: 'README.md',
22 silly publish   gitHead: 'e48b792d13bf183f8e3effbb2f06ff5b95878538',
22 silly publish   bugs: { url: 'https://github.com/afeiship/generator-ionic-wechat-app/issues' },
22 silly publish   _id: 'generator-ionic-wechat-app@0.0.22',
22 silly publish   _shasum: '3998e7aad74c34c8057cdbf996f95b0a18a1f059',
22 silly publish   _from: '.' }
23 verbose getPublishConfig undefined
24 silly mapToRegistry name generator-ionic-wechat-app
25 silly mapToRegistry using default registry
26 silly mapToRegistry registry http://registry.cnpmjs.org/
27 silly mapToRegistry uri http://registry.cnpmjs.org/generator-ionic-wechat-app
28 verbose publish registryBase http://registry.cnpmjs.org/
29 silly publish uploading /Users/feizheng/.npm/generator-ionic-wechat-app/0.0.22/package.tgz
30 verbose stack Error: auth required for publishing
30 verbose stack     at CachingRegistryClient.publish (/usr/local/lib/node_modules/npm/node_modules/npm-registry-client/lib/publish.js:30:14)
30 verbose stack     at /usr/local/lib/node_modules/npm/lib/publish.js:137:14
30 verbose stack     at mapToRegistry (/usr/local/lib/node_modules/npm/lib/utils/map-to-registry.js:55:3)
30 verbose stack     at publish_ (/usr/local/lib/node_modules/npm/lib/publish.js:106:3)
30 verbose stack     at Array.<anonymous> (/usr/local/lib/node_modules/npm/node_modules/slide/lib/bind-actor.js:15:8)
30 verbose stack     at LOOP (/usr/local/lib/node_modules/npm/node_modules/slide/lib/chain.js:15:14)
30 verbose stack     at LOOP (/usr/local/lib/node_modules/npm/node_modules/slide/lib/chain.js:14:28)
30 verbose stack     at chain (/usr/local/lib/node_modules/npm/node_modules/slide/lib/chain.js:20:5)
30 verbose stack     at /usr/local/lib/node_modules/npm/lib/publish.js:72:5
30 verbose stack     at RES (/usr/local/lib/node_modules/npm/node_modules/inflight/inflight.js:23:14)
31 verbose cwd /Users/feizheng/github/generator-ionic-wechat-app
32 error Darwin 14.5.0
33 error argv "/usr/local/bin/node" "/usr/local/bin/npm" "publish"
34 error node v4.2.4
35 error npm  v3.5.3
36 error code ENEEDAUTH
37 error need auth auth required for publishing
38 error need auth You need to authorize this machine using `npm adduser`
39 verbose exit [ 1, true ]
